c:\users\horse\desktop\castlevaniaremake\prog2engine_v2.4\castlevania1984\x64\debug\castlevania1984.pch
c:\users\horse\desktop\castlevaniaremake\prog2engine_v2.4\castlevania1984\x64\debug\vc143.pdb
c:\users\horse\desktop\castlevaniaremake\prog2engine_v2.4\castlevania1984\x64\debug\vc143.idb
c:\users\horse\desktop\castlevaniaremake\prog2engine_v2.4\castlevania1984\x64\debug\bat.obj
c:\users\horse\desktop\castlevaniaremake\prog2engine_v2.4\castlevania1984\x64\debug\block.obj
c:\users\horse\desktop\castlevaniaremake\prog2engine_v2.4\castlevania1984\x64\debug\cameracontroller.obj
c:\users\horse\desktop\castlevaniaremake\prog2engine_v2.4\castlevania1984\x64\debug\enemy.obj
c:\users\horse\desktop\castlevaniaremake\prog2engine_v2.4\castlevania1984\x64\debug\entity.obj
c:\users\horse\desktop\castlevaniaremake\prog2engine_v2.4\castlevania1984\x64\debug\game.obj
c:\users\horse\desktop\castlevaniaremake\prog2engine_v2.4\castlevania1984\x64\debug\gamemanager.obj
c:\users\horse\desktop\castlevaniaremake\prog2engine_v2.4\castlevania1984\x64\debug\knife.obj
c:\users\horse\desktop\castlevaniaremake\prog2engine_v2.4\castlevania1984\x64\debug\main.obj
c:\users\horse\desktop\castlevaniaremake\prog2engine_v2.4\castlevania1984\x64\debug\pch.obj
c:\users\horse\desktop\castlevaniaremake\prog2engine_v2.4\castlevania1984\x64\debug\player.obj
c:\users\horse\desktop\castlevaniaremake\prog2engine_v2.4\castlevania1984\x64\debug\projectile.obj
c:\users\horse\desktop\castlevaniaremake\prog2engine_v2.4\castlevania1984\x64\debug\whip.obj
c:\users\horse\desktop\castlevaniaremake\prog2engine_v2.4\castlevania1984\x64\debug\zombie.obj
c:\users\horse\desktop\castlevaniaremake\prog2engine_v2.4\castlevania1984\x64\debug\drop.obj
c:\users\horse\desktop\castlevaniaremake\prog2engine_v2.4\castlevania1984\x64\debug\stairs.obj
c:\users\horse\desktop\castlevaniaremake\prog2engine_v2.4\castlevania1984\x64\debug\axe.obj
c:\users\horse\desktop\castlevaniaremake\prog2engine_v2.4\castlevania1984\x64\debug\dog.obj
c:\users\horse\desktop\castlevaniaremake\prog2engine_v2.4\castlevania1984\x64\debug\hud.obj
c:\users\horse\desktop\castlevaniaremake\prog2engine_v2.4\x64\debug\castlevania1984.exe
c:\users\horse\desktop\castlevaniaremake\prog2engine_v2.4\x64\debug\castlevania1984.pdb
c:\users\horse\desktop\castlevaniaremake\prog2engine_v2.4\castlevania1984\x64\debug\castlevania1984.ilk
c:\users\horse\desktop\castlevaniaremake\prog2engine_v2.4\castlevania1984\x64\debug\castlevania1984.tlog\cl.command.1.tlog
c:\users\horse\desktop\castlevaniaremake\prog2engine_v2.4\castlevania1984\x64\debug\castlevania1984.tlog\cl.items.tlog
c:\users\horse\desktop\castlevaniaremake\prog2engine_v2.4\castlevania1984\x64\debug\castlevania1984.tlog\cl.read.1.tlog
c:\users\horse\desktop\castlevaniaremake\prog2engine_v2.4\castlevania1984\x64\debug\castlevania1984.tlog\cl.write.1.tlog
c:\users\horse\desktop\castlevaniaremake\prog2engine_v2.4\castlevania1984\x64\debug\castlevania1984.tlog\link.command.1.tlog
c:\users\horse\desktop\castlevaniaremake\prog2engine_v2.4\castlevania1984\x64\debug\castlevania1984.tlog\link.read.1.tlog
c:\users\horse\desktop\castlevaniaremake\prog2engine_v2.4\castlevania1984\x64\debug\castlevania1984.tlog\link.secondary.1.tlog
c:\users\horse\desktop\castlevaniaremake\prog2engine_v2.4\castlevania1984\x64\debug\castlevania1984.tlog\link.write.1.tlog
